STONES 220
ST1  16 17 5
ST2  16 17 1
ST3  16 17 1
ST4  16 17 5
ST5  16 17 5
ST6  16 17 5
ST7  16 17 5
ST8  16 17 5
ST9  16 17 5
ST10 16 17 5
ST11 16 17 5
ST12 16 17 5
ST13 16 17 5
ST14 16 17 5
ST15 16 17 5
ST16 16 17 5
ST17 16 17 5
ST18 18 12 5
ST19 18 12 5
ST20 18 12 5
ST21 24 18 5
ST22 19 16 5
ST23 16 15 5
ST24 16 15 5
ST25 19 18 5
ST26 12 13 5
ST27 12 13 5
ST28 12 13 5
ST29 12 13 5
ST30 12 13 5
ST31 12 13 5
ST32 12 13 5
ST33 12 13 5
ST34 12 13 5
ST35 12 13 5
ST36 17 17 5
ST37 17 17 5
ST38 17 17 5
ST39 13 17 5
ST40 13 17 5
ST41 13 11 5
ST42 13 11 5
ST43 13 11 5
ST44 13 11 5
ST45 13 11 5
ST46 12 14 5
ST47 12 14 5
ST48 12 14 5
ST49 12 14 5
ST50 0 0 20
ST51 0 0 20
ST52 0 0 20
ST53 0 0 20
ST54 0 0 20
ST55 0 0 20
ST56 0 0 20
ST57 0 0 20
ST58 0 0 20
ST59 0 0 20
ST60 0 0 20
ST61 0 0 20
ST62 0 0 20
ST63 0 0 20
ST64 0 0 20
ST65 0 0 20
ST66 0 0 20
ST67 0 0 20
ST68 0 0 20
ST69 0 0 20
ST70 301 238 5
ST71 301 238 5
ST72 301 238 5
ST73 301 238 5
ST74 301 238 5
ST75 301 238 5
ST76 301 238 5
ST77 301 238 5
ST78 301 238 5
ST79 301 238 5
ST80 301 238 5
ST81 301 238 5
ST82 301 238 5
ST83 301 238 5
ST84 301 238 5
ST85 301 238 5
ST86 301 238 5
ST87 301 238 5
ST88 301 238 5
ST89 301 238 5
ST90 301 238 5
ST91 296 224 5
ST92 301 238 5
ST93 301 238 5
ST94 301 238 5
ST95 301 238 5
ST96 301 238 5
ST97 301 238 5
ST98 301 238 5
ST99 301 238 5
ST100 279 255 5
ST101 301 238 5
ST102 301 238 5
ST103 301 238 5
ST104 301 238 5
ST105 301 238 5
ST106 301 238 5
ST107 301 238 5
ST108 301 238 5
ST109 301 238 5
ST110 301 238 5
ST111 301 238 5
ST112 301 238 5
ST113 301 238 5
ST114 301 238 5
ST115 301 238 5
ST116 301 238 5
ST117 301 238 5
ST118 301 238 5
ST119 301 238 5
ST120 301 238 5
ST121 301 238 5
ST122 301 238 5
ST123 301 238 5
ST124 301 238 5
ST125 301 238 5
ST126 301 238 5
ST127 301 238 5
ST128 301 238 5
ST129 301 238 5
ST130 301 238 5
ST131 301 238 5
ST132 301 238 5
ST133 301 238 5
ST134 301 238 5
ST135 301 238 5
ST136 301 238 5
ST137 301 238 5
ST138 301 238 5
ST139 301 238 5
ST140 301 238 5
ST141 301 238 5
ST142 301 238 5
ST143 301 238 5
ST144 301 238 5
ST145 301 238 5
ST146 301 238 5
ST147 301 238 5
ST148 301 238 5
ST149 301 238 5
ST150 301 238 5
ST151 301 238 5
ST152 301 238 5
ST153 301 238 5
ST154 301 238 5
ST155 301 238 5
ST156 301 238 5
ST157 301 238 5
ST158 301 238 5
ST159 301 238 5
ST160 301 238 5
ST161 301 238 5
ST162 301 238 5
ST163 301 238 5
ST164 301 238 5
ST165 301 238 5
ST166 301 238 5
ST167 301 238 5
ST168 301 238 5
ST169 301 238 5
ST170 301 238 5
ST171 301 238 5
ST172 301 238 5
ST173 301 238 5
ST174 301 238 5
ST175 301 238 5
ST176 301 238 5
ST177 301 238 5
ST178 301 238 5
ST179 301 238 5
ST180 301 238 5
ST181 301 238 5
ST182 301 238 5
ST183 301 238 5
ST184 301 238 5
ST185 301 238 5
ST186 301 238 5
ST187 301 238 5
ST188 301 238 5
ST189 301 238 5
ST190 301 238 5
ST191 301 238 5
ST192 301 238 5
ST193 301 238 5
ST194 301 238 5
ST195 301 238 5
ST196 301 238 5
ST197 301 238 5
ST198 301 238 5
ST199 301 238 5
ST200 301 238 5
ST201 301 238 5
ST202 301 238 5
ST203 301 238 5
ST204 301 238 5
ST205 301 238 5
ST206 301 238 5
ST207 301 238 5
ST208 301 238 5
ST209 301 238 5
ST210 301 238 5
ST211 301 238 5
ST212 301 238 5
ST213 301 238 5
ST214 301 238 5
ST215 301 238 5
ST216 301 238 5
ST217 301 238 5
ST218 301 238 5
ST219 301 238 5
ST220 301 238 5