TREES 80
D00 125 182  20     
D01 125 182  20     
D09 125 182  20     
D11 125 182  20     
D37 125 182  20     
D45 125 182  20     
D47 125 182  20     
D49 125 182  20     
D56 125 182  20     
D217 150 119  20    
D222 150 119  20    
D230 150 119  20    
D242 150 119  20    
D02  150 119  20    
D73  62 117 20      
D74  62 92 20       
D75  62 92 20       
D76  62 92 20       
D77  62 117 20      
D78  62 117 20      
D79  62 117 20      
D80  62 117 20      
D81  62 117 20      
D82  62 117 20      
D83  62 117 20      
D84  62 117 20      
D85  62 92 20       
D86  62 92 20       
D87  62 92 20       
D88  62 92 20       
D69  150 119 20                       
D70  150 119 20                       
D71  150 119 20                       
D72  150 119 20                       
D89  150 119 20
D90  150 119 20
D91  150 119 20
D92  150 119 20
D93  150 119 20
D94  150 119 20
D95  150 119 20
D96  150 119 20
D97  150 119 20
D98  150 119 20
D99  150 119 20
D100  150 119 20
D101  150 119 20
D102  150 119 20
D103  150 119 20
D104  150 119 20
D105  150 119 20
D106  150 119 20
D107  150 119 20
D108  150 119 20
D109  150 119 20
D110  150 119 20
D111  150 119 20
D112  150 119 20
D113  150 119 20
D114  150 119 20
D301 125 182  20     
D302 125 182  20     
D303 125 182  20     
D304 125 182  20     
D306 125 182  20     
D307 125 182  20     
D308 125 182  20     
D309 125 182  20     
D310 150 119  20    
D311 150 119  20    
D312 150 119  20    
D313 150 119  20    
D314 150 119  20    
D315 62 117 20      
D316 62 92 20       
D317 62 92 20       
D318 62 92 20       
D319 62 117 20
D000 0 0 0      
DXXX 125 182  20      
   