walls 346
E01 12 12 5
E02 12 12 5
E03 12 12 5
E04 12 12 5
E05 12 12 5
E06 12 12 5
E07 12 12 5
E08 12 12 5
E09 12 12 5
E10 12 12 5
E11 12 12 5
E12 12 12 5
E13 12 12 5
E14 12 12 5
E15 12 12 5
E16 12 12 5
E17 12 12 5
E18 12 12 5
E19 12 12 5
E20 12 12 5
E21 12 12 5
E22 12 12 5
E23 12 12 5
E24 12 12 5
E25 12 12 5
E26 12 12 5
E27 12 12 5
E28 12 12 5
E29 12 12 5
E30 12 12 5
E31 12 12 5
E32 12 12 5
E33 12 12 5
E34 12 12 5
E35 12 12 5
E36 12 12 5
E37 12 12 5
E38 12 12 5
E39 12 12 5
E40 12 12 5
E41 12 12 5
E42 12 12 5
E43 12 12 5
E44 12 12 5
E45 12 12 5
E46 12 12 5
E47 12 12 5
E48 12 12 5
E49 12 12 5
E50 12 12 5
E51 12 12 5
E52 12 12 5
E53 12 12 5
E54 12 12 5
E55 12 12 5
E56 12 12 5
E57 12 12 5
E58 12 12 5
E59 12 12 5
E60 12 12 5
E61 12 12 5
E62 12 12 5
E63 12 12 5
E64 12 12 5
E65 12 12 5
E66 12 12 5
E67 12 12 5
E68 12 12 5
E69 12 12 5
E70 12 12 5
E71 12 12 5
E72 12 12 5
E73 12 12 5
E74 12 12 5
E75 12 12 5
E76 12 12 5
E77 12 12 5
E78 12 12 5
E79 12 12 5
E80 12 12 5
E81 12 12 5
E82 12 12 5
E83 12 12 5
E84 12 12 5
E85 12 12 5
E86 12 12 5
E87 12 12 5
E88 12 12 5
E89 12 12 5
E90 12 12 5
E91 12 12 5
E92 12 12 5
E93 12 12 5
E94 12 12 5
E95 12 12 5
E96 12 12 5
E97 12 12 5
E98 12 12 5
E99 12 12 5
E100 12 12 5 
E101 12 12 5
E102 12 12 5
E103 12 12 5
E104 12 12 5
E105 12 12 5
E106 12 12 5
E107 12 12 5
E108 12 12 5
E109 12 12 5
E110 12 12 5
E111 12 12 5
E112 12 12 5
E113 12 12 5
E114 12 12 5
E115 12 12 5
E116 12 12 5
E117 12 12 5
E118 12 12 5
E119 12 12 5
E120 12 12 5
E121 12 12 5
E122 12 12 5
E123 12 12 5
E124 12 12 5
E125 12 12 5
E126 12 12 5
E127 12 12 5
E128 12 12 5
E129 12 12 5
E130 12 12 5
E131 12 12 5
E132 12 12 5
E133 12 12 5
E134 12 12 5
E135 12 12 5
E136 12 12 5
E137 12 12 5
E138 12 12 5
E139 12 12 5
E140 12 12 5
E141 12 12 5
E142 12 12 5
E143 12 12 5
E144 12 12 5
E145 12 12 5
E146 12 12 5
E147 12 12 5
E148 12 12 5
E149 12 12 5
E150 12 12 5
E151 12 12 5
E152 12 12 5
E153 12 12 5
E154 12 12 5
E155 12 12 5
E156 12 12 5
E157 12 12 5
E158 12 12 5
E159 12 12 5
E160 12 12 5
E161 12 12 5
E162 12 12 5
E163 12 12 5
E164 12 12 5
E165 12 12 5
E166 12 12 5
E167 12 12 5
E168 12 12 5
E169 12 12 5
E170 12 12 5
E171 12 12 5
E172 12 12 5
E173 12 12 5
E174 12 12 5
E175 12 12 5
E176 12 12 5
E177 12 12 5
E178 12 12 5
E179 12 12 5
E180 12 12 5
E181 12 12 5
E182 12 12 5
E183 12 12 5
E184 12 12 5
E185 12 12 5
E186 12 12 5
E187 12 12 5
E188 12 12 5
E189 12 12 5
E190 12 12 5
E191 12 12 5
E192 12 12 5
E193 12 12 5
E194 12 12 5
E195 12 12 5
E196 12 12 5
E197 12 12 5
E198 12 12 5
E199 12 12 5
E200 12 12 5
E201 12 12 5
E202 12 12 5
E203 12 12 5
E204 12 12 5
E205 12 12 5
E206 12 12 5
E207 12 12 5
E208 12 12 5
E209 12 12 5
E210 12 12 5
E211 12 12 5
E212 12 12 5
E213 12 12 5
E214 12 12 5
E215 12 12 5
E216 12 12 5
E217 12 12 5
E218 12 12 5
E219 12 12 5
E220 12 12 5
E221 12 12 5
E222 12 12 5
E223 12 12 5
E224 12 12 5
E225 12 12 5
E226 12 12 5
E227 12 12 5
E228 12 12 5
E229 12 12 5
E230 12 12 5
E231 12 12 5
E232 12 12 5
E233 12 12 5
E234 12 12 5
E235 12 12 5
E236 12 12 5
E237 12 12 5
E238 12 12 5
E239 12 12 5
E240 12 12 5
E241 12 12 5
E242 12 12 5
E243 12 12 5
E244 12 12 5
E245 12 12 5
E246 12 12 5
E247 12 12 5
E248 12 12 5
E249 12 12 5
E250 12 12 5
E251 12 12 5
E252 12 12 5
E253 12 12 5
E254 12 12 5
E255 12 12 5
E256 12 12 5
E257 12 12 5
E258 12 12 5
E259 12 12 5
E260 12 12 5
E261 12 12 5
E262 12 12 5
E263 12 12 5
E264 12 12 5
E265 12 12 5
E266 12 12 5
E267 12 12 5
E268 12 12 5
E269 12 12 5
E270 12 12 5
E271 12 12 5
E272 12 12 5
E273 12 12 5
E274 12 12 5
E275 12 12 5
E276 12 12 5
E277 12 12 5
E278 12 12 5
E279 12 12 5
E280 12 12 5
E281 12 12 5
E282 12 12 5
E283 12 12 5
E284 12 12 5
E285 12 12 5
E286 12 12 5
E287 12 12 5
E288 12 12 5
E289 12 12 5
E290 12 12 5
E291 12 12 5
E292 12 12 5
E293 12 12 5
E294 12 12 5
E295 12 12 5
E296 12 12 5
E297 12 12 5
E298 12 12 5
E299 12 12 5
E300 12 12 5
E301 12 12 5
E302 12 12 5
E303 12 12 5
E304 12 12 5
E305 12 12 5
E306 12 12 5
E307 12 12 5
E308 12 12 5
E309 12 12 5
E310 12 12 5
E311 12 12 5
E312 12 12 5
E313 12 12 5
E314 12 12 5
E315 12 12 5
E316 12 12 5
E317 12 12 5
E318 12 12 5
E319 12 12 5
E320 12 12 5
E321 12 12 5
E322 12 12 5
E323 12 12 5
E324 12 12 5
E325 12 12 5
E326 12 12 5
E327 12 12 5
E328 12 12 5
E329 12 12 5
E330 12 12 5
E331 12 12 5
E332 12 12 5
E333 12 12 5
E334 12 12 5
E335 12 12 5
E336 12 12 5
E337 12 12 5
E338 12 12 5
E339 12 12 5
E340 12 12 5
E341 12 12 5
E342 12 12 5
E343 12 12 5
E344 12 12 5
E345 12 12 5
E346 12 12 5