HEROESOFANNIHILATEDEMPIRES 0.7.20
Memory status before run:

Memory load: 37
TotalPhys: 2147483647
AvailPhys: 2147483647
TotalPageFile: -1
AvailPageFile: -1
TotalVirtual: 2147352576
AvailVirtual: 1139576832

Memory status after crash:

Memory load: 42
TotalPhys: 2147483647
AvailPhys: 2147483647
TotalPageFile: -1
AvailPageFile: -1
TotalVirtual: 2147352576
AvailVirtual: 405946368

AvailVirtual: 405946368

Internal memory manager info:
Handles: 611861
Blocks: 571342

Module found D:\HoAER\Data\engine.exe   	(\engine.exe) 	Handle: 00400000 Base address: 00400000
Module found C:\Windows\SYSTEM32\ntdll.dll   	(ntdll.dll) 	Handle: 77d10000 Base address: 77d10000
Module found C:\Windows\System32\KERNEL32.DLL   	(KERNEL32.DLL) 	Handle: 778d0000 Base address: 778d0000
Module found C:\Windows\System32\KERNELBASE.dll   	(KERNELBASE.dll) 	Handle: 77190000 Base address: 77190000
Module found C:\Windows\SYSTEM32\apphelp.dll   	(apphelp.dll) 	Handle: 75b20000 Base address: 75b20000
Module found C:\Windows\System32\WS2_32.dll   	(WS2_32.dll) 	Handle: 76120000 Base address: 76120000
Module found C:\Windows\System32\RPCRT4.dll   	(RPCRT4.dll) 	Handle: 76fb0000 Base address: 76fb0000
Module found C:\Windows\System32\USER32.dll   	(USER32.dll) 	Handle: 76e10000 Base address: 76e10000
Module found C:\Windows\System32\win32u.dll   	(win32u.dll) 	Handle: 77170000 Base address: 77170000
Module found C:\Windows\System32\GDI32.dll   	(GDI32.dll) 	Handle: 75d00000 Base address: 75d00000
Module found C:\Windows\System32\gdi32full.dll   	(gdi32full.dll) 	Handle: 773b0000 Base address: 773b0000
Module found C:\Windows\System32\msvcp_win.dll   	(msvcp_win.dll) 	Handle: 75bc0000 Base address: 75bc0000
Module found C:\Windows\SYSTEM32\DDRAW.dll   	(DDRAW.dll) 	Handle: 5f480000 Base address: 5f480000
Module found C:\Windows\System32\msvcrt.dll   	(msvcrt.dll) 	Handle: 75fe0000 Base address: 75fe0000
Module found C:\Windows\System32\ucrtbase.dll   	(ucrtbase.dll) 	Handle: 76bc0000 Base address: 76bc0000
Module found C:\Windows\System32\comdlg32.dll   	(comdlg32.dll) 	Handle: 76d60000 Base address: 76d60000
Module found C:\Windows\System32\combase.dll   	(combase.dll) 	Handle: 76830000 Base address: 76830000
Module found C:\Windows\SYSTEM32\DSOUND.dll   	(DSOUND.dll) 	Handle: 60620000 Base address: 60620000
Module found C:\Windows\System32\advapi32.dll   	(advapi32.dll) 	Handle: 76b40000 Base address: 76b40000
Module found C:\Windows\System32\sechost.dll   	(sechost.dll) 	Handle: 76ac0000 Base address: 76ac0000
Module found C:\Windows\System32\shcore.dll   	(shcore.dll) 	Handle: 779d0000 Base address: 779d0000
Module found C:\Windows\System32\SHLWAPI.dll   	(SHLWAPI.dll) 	Handle: 77c10000 Base address: 77c10000
Module found C:\Windows\System32\SHELL32.dll   	(SHELL32.dll) 	Handle: 76190000 Base address: 76190000
Module found C:\Windows\SYSTEM32\DPLAYX.dll   	(DPLAYX.dll) 	Handle: 5e2c0000 Base address: 5e2c0000
Module found C:\Windows\System32\ole32.dll   	(ole32.dll) 	Handle: 77ac0000 Base address: 77ac0000
Module found D:\HoAER\Data\d3d9.dll   	(\d3d9.dll) 	Handle: 10000000 Base address: 10000000
Module found C:\Windows\WinSxS\x86_microsoft.windows.common-controls_6595b64144ccf1df_5.82.19041.1110_none_c0da534e38c01f4d\COMCTL32.dll   	(C:\Windows\WinSxS\x86_microsoft.windows.common-controls_6595b64144ccf1df_5.82.19041.1110_none_c0da534e38c01f4d\COMCTL32.dll) 	Handle: 75790000 Base address: 75790000
Module found C:\Windows\SYSTEM32\kernel.appcore.dll   	(kernel.appcore.dll) 	Handle: 75600000 Base address: 75600000
Module found C:\Windows\SYSTEM32\dxgi.dll   	(dxgi.dll) 	Handle: 73220000 Base address: 73220000
Module found C:\Windows\SYSTEM32\DCIMAN32.dll   	(DCIMAN32.dll) 	Handle: 6e8c0000 Base address: 6e8c0000
Module found C:\Windows\SYSTEM32\powrprof.dll   	(powrprof.dll) 	Handle: 73fa0000 Base address: 73fa0000
Module found C:\Windows\SYSTEM32\winmmbase.dll   	(winmmbase.dll) 	Handle: 63610000 Base address: 63610000
Module found C:\Windows\SYSTEM32\WINMM.dll   	(WINMM.dll) 	Handle: 74700000 Base address: 74700000
Module found D:\HoAER\Data\binkw32.dll   	(\binkw32.dll) 	Handle: 30000000 Base address: 30000000
Module found D:\HoAER\Data\DipServer.dll   	(\DipServer.dll) 	Handle: 065a0000 Base address: 065a0000
Module found D:\HoAER\Data\theovorb.dll   	(\theovorb.dll) 	Handle: 06830000 Base address: 06830000
Module found D:\HoAER\Data\iChat.dll   	(\iChat.dll) 	Handle: 06890000 Base address: 06890000
Module found D:\HoAER\Data\WINTAB32.dll   	(\WINTAB32.dll) 	Handle: 060b0000 Base address: 060b0000
Module found C:\Windows\SYSTEM32\WSOCK32.dll   	(WSOCK32.dll) 	Handle: 75b10000 Base address: 75b10000
Module found C:\Windows\SYSTEM32\wow32.dll   	(wow32.dll) 	Handle: 68820000 Base address: 68820000
Module found D:\HoAER\Data\intExplorer.dll   	(\intExplorer.dll) 	Handle: 068e0000 Base address: 068e0000
Module found C:\Windows\System32\IMM32.DLL   	(IMM32.DLL) 	Handle: 75cd0000 Base address: 75cd0000
Module found C:\Windows\SYSTEM32\UMPDC.dll   	(UMPDC.dll) 	Handle: 73f90000 Base address: 73f90000
Module found C:\Windows\system32\uxtheme.dll   	(uxtheme.dll) 	Handle: 73f10000 Base address: 73f10000
Module found C:\Windows\System32\bcryptPrimitives.dll   	(bcryptPrimitives.dll) 	Handle: 760a0000 Base address: 760a0000
Module found C:\Windows\System32\clbcatq.dll   	(clbcatq.dll) 	Handle: 76ce0000 Base address: 76ce0000
Module found C:\Windows\System32\MMDevApi.dll   	(MMDevApi.dll) 	Handle: 73320000 Base address: 73320000
Module found C:\Windows\System32\DEVOBJ.dll   	(DEVOBJ.dll) 	Handle: 732f0000 Base address: 732f0000
Module found C:\Windows\System32\cfgmgr32.dll   	(cfgmgr32.dll) 	Handle: 77070000 Base address: 77070000
Module found C:\Windows\SYSTEM32\AUDIOSES.DLL   	(AUDIOSES.DLL) 	Handle: 6eb30000 Base address: 6eb30000
Module found C:\Windows\System32\OLEAUT32.dll   	(OLEAUT32.dll) 	Handle: 77c60000 Base address: 77c60000
Module found C:\Windows\SYSTEM32\resourcepolicyclient.dll   	(resourcepolicyclient.dll) 	Handle: 6ec90000 Base address: 6ec90000
Module found C:\Windows\System32\MSCTF.dll   	(MSCTF.dll) 	Handle: 76750000 Base address: 76750000
Module found C:\Windows\system32\D3D9.DLL   	(D3D9.DLL) 	Handle: 5e460000 Base address: 5e460000
Module found C:\Windows\SYSTEM32\windows.storage.dll   	(windows.storage.dll) 	Handle: 74fa0000 Base address: 74fa0000
Module found C:\Windows\SYSTEM32\dwmapi.dll   	(dwmapi.dll) 	Handle: 731f0000 Base address: 731f0000
Module found C:\Windows\SYSTEM32\Wldp.dll   	(Wldp.dll) 	Handle: 74d10000 Base address: 74d10000
Module found C:\Windows\System32\DriverStore\FileRepository\u0380677.inf_amd64_dba19d925381d5ad\B380472\aticfx32.dll   	(aticfx32.dll) 	Handle: 700a0000 Base address: 700a0000
Module found C:\Windows\SYSTEM32\VERSION.dll   	(VERSION.dll) 	Handle: 75b00000 Base address: 75b00000
Module found C:\Windows\System32\DriverStore\FileRepository\u0380677.inf_amd64_dba19d925381d5ad\B380472\amdxn32.dll   	(amdxn32.dll) 	Handle: 0d120000 Base address: 0d120000
Module found C:\Windows\System32\SETUPAPI.dll   	(SETUPAPI.dll) 	Handle: 77490000 Base address: 77490000
Module found C:\Windows\System32\bcrypt.dll   	(bcrypt.dll) 	Handle: 76100000 Base address: 76100000
Module found C:\Windows\SYSTEM32\amdihk32.dll   	(amdihk32.dll) 	Handle: 70070000 Base address: 70070000
Module found C:\Windows\SYSTEM32\D3DREF9.DLL   	(D3DREF9.DLL) 	Handle: 5e3f0000 Base address: 5e3f0000
Module found C:\Windows\SYSTEM32\dxcore.dll   	(dxcore.dll) 	Handle: 70030000 Base address: 70030000
Module found C:\Windows\SYSTEM32\textinputframework.dll   	(textinputframework.dll) 	Handle: 73c40000 Base address: 73c40000
Module found C:\Windows\System32\CoreUIComponents.dll   	(CoreUIComponents.dll) 	Handle: 739c0000 Base address: 739c0000
Module found C:\Windows\System32\CoreMessaging.dll   	(CoreMessaging.dll) 	Handle: 73920000 Base address: 73920000
Module found C:\Windows\SYSTEM32\wintypes.dll   	(wintypes.dll) 	Handle: 73840000 Base address: 73840000
Module found C:\Windows\SYSTEM32\ntmarta.dll   	(ntmarta.dll) 	Handle: 74a80000 Base address: 74a80000
Module found D:\HoAER\Data\Plugins\BattleEditor.dll   	(\Plugins\BattleEditor.dll) 	Handle: 10920000 Base address: 10920000
Module found D:\HoAER\Data\Plugins\VAI.dll   	(\Plugins\VAI.dll) 	Handle: 109b0000 Base address: 109b0000
Module found D:\HoAER\Data\GW_Server.DLL   	(\GW_Server.DLL) 	Handle: 10b90000 Base address: 10b90000
Module found C:\Windows\System32\Windows.UI.dll   	(Windows.UI.dll) 	Handle: 73740000 Base address: 73740000
Module found C:\Windows\System32\InputHost.dll   	(InputHost.dll) 	Handle: 735d0000 Base address: 735d0000
Module found C:\Windows\System32\PROPSYS.dll   	(PROPSYS.dll) 	Handle: 6e200000 Base address: 6e200000
Module found C:\Windows\System32\WindowManagementAPI.dll   	(WindowManagementAPI.dll) 	Handle: 736c0000 Base address: 736c0000
Module found C:\Windows\SYSTEM32\twinapi.appcore.dll   	(twinapi.appcore.dll) 	Handle: 73440000 Base address: 73440000
Module found C:\Windows\SYSTEM32\avrt.dll   	(avrt.dll) 	Handle: 6e910000 Base address: 6e910000
Module found C:\Windows\system32\mswsock.dll   	(mswsock.dll) 	Handle: 75720000 Base address: 75720000
Module found C:\Windows\system32\napinsp.dll   	(napinsp.dll) 	Handle: 75700000 Base address: 75700000
Module found C:\Windows\system32\pnrpnsp.dll   	(pnrpnsp.dll) 	Handle: 756e0000 Base address: 756e0000
Module found C:\Windows\system32\wshbth.dll   	(wshbth.dll) 	Handle: 756d0000 Base address: 756d0000
Module found C:\Windows\system32\NLAapi.dll   	(NLAapi.dll) 	Handle: 756b0000 Base address: 756b0000
Module found C:\Windows\SYSTEM32\IPHLPAPI.DLL   	(IPHLPAPI.DLL) 	Handle: 75ac0000 Base address: 75ac0000
Module found C:\Windows\SYSTEM32\DNSAPI.dll   	(DNSAPI.dll) 	Handle: 75610000 Base address: 75610000
Module found C:\Windows\System32\NSI.dll   	(NSI.dll) 	Handle: 77160000 Base address: 77160000
Module found C:\Windows\System32\winrnr.dll   	(winrnr.dll) 	Handle: 755b0000 Base address: 755b0000
Module found C:\Windows\System32\fwpuclnt.dll   	(fwpuclnt.dll) 	Handle: 74000000 Base address: 74000000
Module found C:\Windows\System32\rasadhlp.dll   	(rasadhlp.dll) 	Handle: 73ff0000 Base address: 73ff0000

Calls: 1 before address: 0x16DBE46 (8FF90D8000)
Call (0xFF) detected from: 0x016DBE40 to: 0xFFFFFFFF!

Calls: 1 before address: 0x16D5208 (4DFCE8C8E373FF)
Call (0xE8) detected from: 0x016D5203 to: 0x00E535A0!

Calls: 1 before address: 0x1958870 (4D88E83F614AFF)
Call (0xE8) detected from: 0x0195886B to: 0x01959700!

Calls: 1 before address: 0x1958870 (4D88E83F614AFF)
Call (0xE8) detected from: 0x0195886B to: 0x01959700!

Calls: 1 before address: 0x208F6A4 (857E82DFCFFFF)
Call (0xE8) detected from: 0x0208F69F to: 0x0208F2D1!

Calls: 1 before address: 0x208F63E (33C0E87E53D8FE)
Call (0xE8) detected from: 0x0208F639 to: 0x02098233!

Calls: 1 before address: 0x1958870 (4D88E83F614AFF)
Call (0xE8) detected from: 0x0195886B to: 0x01959700!

Calls: 1 before address: 0x19562F4 (E12E860C4DFF)
Call (0xE8) detected from: 0x019562EF to: 0x019586F0!

Calls: 1 before address: 0x19562F4 (E12E860C4DFF)
Call (0xE8) detected from: 0x019562EF to: 0x019586F0!

Calls: 1 before address: 0x19562F4 (E12E860C4DFF)
Call (0xE8) detected from: 0x019562EF to: 0x019586F0!

Calls: 1 before address: 0x12AF2E6 (8050E8FDD8B7FF)
Call (0xE8) detected from: 0x012AF2E1 to: 0x010163A0!

Calls: 1 before address: 0x12AF2E6 (8050E8FDD8B7FF)
Call (0xE8) detected from: 0x012AF2E1 to: 0x010163A0!

Calls: 1 before address: 0x16DAA6D (C114E82E1574FF)
Call (0xE8) detected from: 0x016DAA68 to: 0x016F58A0!

Calls: 1 before address: 0x16DB50A (4DFCE873E273FF)
Call (0xE8) detected from: 0x016DB505 to: 0x016DAAE0!

Calls: 1 before address: 0x208F6A4 (857E82DFCFFFF)
Call (0xE8) detected from: 0x0208F69F to: 0x0208F2D1!

Calls: 1 before address: 0x208F63E (33C0E87E53D8FE)
Call (0xE8) detected from: 0x0208F639 to: 0x02098233!

Calls: 1 before address: 0x208F6A4 (857E82DFCFFFF)
Call (0xE8) detected from: 0x0208F69F to: 0x0208F2D1!

Calls: 1 before address: 0x208F63E (33C0E87E53D8FE)
Call (0xE8) detected from: 0x0208F639 to: 0x02098233!

Calls: 1 before address: 0x208F63E (33C0E87E53D8FE)
Call (0xE8) detected from: 0x0208F639 to: 0x02098233!

Calls: 1 before address: 0x208F295 (850E890C9D9FE)
Call (0xE8) detected from: 0x0208F290 to: 0x02095A00!

Calls: 1 before address: 0x19C49C6 (C18E8DA6645FF)
Call (0xE8) detected from: 0x019C49C1 to: 0x019C66F0!

Calls: 1 before address: 0x1820FAE (BCFF90B0100)
Call (0xFF) detected from: 0x01820FA8 to: 0xFFFFFFFF!

Calls: 1 before address: 0x16D5208 (4DFCE8C8E373FF)
Call (0xE8) detected from: 0x016D5203 to: 0x00E535A0!

Calls: 1 before address: 0x17B4518 (4DFCE8798D67FF)
Call (0xE8) detected from: 0x017B4513 to: 0x016D51F0!

Calls: 1 before address: 0xEFABFA (4DE8E8F67DF1FF)
Call (0xE8) detected from: 0x00EFABF5 to: 0x017B4500!

Calls: 1 before address: 0x17FED6B (144E8C3DF61FF)
Call (0xE8) detected from: 0x017FED66 to: 0x019E8860!

Calls: 1 before address: 0x18D4B2F (144E8D45556FF)
Call (0xE8) detected from: 0x018D4B2A to: 0x019E6C10!

Calls: 1 before address: 0x17C2BC0 (850E83CCF64FF)
Call (0xE8) detected from: 0x017C2BBB to: 0x0208F624!

Calls: 1 before address: 0x778F23A7 (51FF158C189577)
Call (0xFF) detected from: 0x778F23A1 to: 0xFFFFFFFF!

Calls: 1 before address: 0x12E126F (0FF1590FFDF5)
Call (0xFF) detected from: 0x012E1269 to: 0xFFFFFFFF!

Calls: 1 before address: 0x17B5196 (850E8848363FF)
Call (0xE8) detected from: 0x017B5191 to: 0x017C2B80!

Calls: 1 before address: 0x18C59D9 (DCFF904100)
Call (0xFF) detected from: 0x018C59D3 to: 0xFFFFFFFF!

Calls: 1 before address: 0x16D5208 (4DFCE8C8E373FF)
Call (0xE8) detected from: 0x016D5203 to: 0x00E535A0!

Calls: 1 before address: 0x18DBD7D (4DCCE8141555FF)
Call (0xE8) detected from: 0x018DBD78 to: 0x016D51F0!

Calls: 1 before address: 0x1AD4D20 (4DB0E8477236FF)
Call (0xE8) detected from: 0x01AD4D1B to: 0x0122AA80!

Calls: 1 before address: 0x195890E (52FF15A80E05)
Call (0xFF) detected from: 0x01958908 to: 0xFFFFFFFF!

Calls: 1 before address: 0x1154FF0 (00E863D2CAFF)
Call (0xE8) detected from: 0x01154FEB to: 0x01820C10!

Calls: 1 before address: 0x19567BD (850E8F2474DFF)
Call (0xE8) detected from: 0x019567B8 to: 0x01956610!

Calls: 1 before address: 0xEFD098 (252E8DE0F1FF)
Call (0xE8) detected from: 0x00EFD093 to: 0x019567B0!

Calls: 1 before address: 0x1941440 (CC51E836BD4CFF)
Call (0xE8) detected from: 0x0194143B to: 0x019567B0!

Calls: 1 before address: 0x16D5208 (4DFCE8C8E373FF)
Call (0xE8) detected from: 0x016D5203 to: 0x00E535A0!

Calls: 1 before address: 0x18C2D6D (8BAE897B654FF)
Call (0xE8) detected from: 0x018C2D68 to: 0x018C28A0!

Calls: 1 before address: 0xF1CD5F (292E855EBF1FF)
Call (0xE8) detected from: 0x00F1CD5A to: 0x01264AC0!

Calls: 1 before address: 0x11566DF (C48E83FF3CCFF)
Call (0xE8) detected from: 0x011566DA to: 0x011549C0!

Calls: 1 before address: 0x115D34E (1C3E88ABCAFF)
Call (0xE8) detected from: 0x0115D349 to: 0x011566C0!

Calls: 1 before address: 0x10523C4 (DCFFE8E3E2DEFF)
Call (0xE8) detected from: 0x010523BF to: 0x0115D310!

Calls: 1 before address: 0x77D6BE3F (33CDE8118D10)
Call (0xE8) detected from: 0x77D6BE3A to: 0x77D84B50!

Calls: 1 before address: 0x77D6BE3F (33CDE8118D10)
Call (0xE8) detected from: 0x77D6BE3A to: 0x77D84B50!

Calls: 1 before address: 0x77D6BCCC (6AFFE8D4000)
Call (0xE8) detected from: 0x77D6BCC7 to: 0x77D6BDA0!

Calls: 1 before address: 0x77D6BD7B (13D6E8D5AA10)
Call (0xE8) detected from: 0x77D6BD76 to: 0x77D86850!

Calls: 1 before address: 0x11BC819 (50FF15ACFFDF5)
Call (0xFF) detected from: 0x011BC813 to: 0xFFFFFFFF!

Calls: 1 before address: 0x12F0B84 (C48E84E35B4FF)
Call (0xE8) detected from: 0x012F0B7F to: 0x01051250!

Calls: 1 before address: 0x172022A (C44E8B99F6DFF)
Call (0xE8) detected from: 0x01720225 to: 0x012F09B0!

Calls: 1 before address: 0x140D5B0 (4DF4E884489FFF)
Call (0xE8) detected from: 0x0140D5AB to: 0x017201E0!

Calls: 1 before address: 0x13F4D8E (F4FF908100)
Call (0xFF) detected from: 0x013F4D88 to: 0xFFFFFFFF!

Calls: 1 before address: 0x150A4BF (00E893C93FF)
Call (0xE8) detected from: 0x0150A4BA to: 0x013F4D10!

Calls: 1 before address: 0x76E4EDEB (154C40EB76FFD1)
Call (0xFF) detected from: 0x76E4EDE9 to: 0xFFFFFFFF!

Calls: 1 before address: 0x208F835 (75E0E8B191D7FE)
Call (0xE8) detected from: 0x0208F830 to: 0x020A27E6!

Calls: 1 before address: 0x12684F9 (EC51E865EBBFF)
Call (0xE8) detected from: 0x012684F4 to: 0x01595550!

Calls: 1 before address: 0x1050EBF (745E8C847DCFF)
Call (0xE8) detected from: 0x01050EBA to: 0x012684F0!

Calls: 1 before address: 0x13DE1F4 (883E8B1C6A1FF)
Call (0xE8) detected from: 0x013DE1EF to: 0x0150A100!

Calls: 1 before address: 0x76E45BBE (80FF152037EB76)
Call (0xFF) detected from: 0x76E45BB8 to: 0xFFFFFFFF!

Calls: 1 before address: 0x76E45FEF (80FF151C37EB76)
Call (0xFF) detected from: 0x76E45FE9 to: 0xFFFFFFFF!

Calls: 1 before address: 0x76E459AA (4DDCE8C6000)
Call (0xE8) detected from: 0x76E459A5 to: 0x76E45A70!

Calls: 1 before address: 0x76E459AA (4DDCE8C6000)
Call (0xE8) detected from: 0x76E459A5 to: 0x76E45A70!

Calls: 1 before address: 0x76E4956F (154C40EB76FFD6)
Call (0xFF) detected from: 0x76E4956D to: 0xFFFFFFFF!

Calls: 1 before address: 0x77D829EC (BA5088D977FFD2)
Call (0xFF) detected from: 0x77D829EA to: 0xFFFFFFFF!

Calls: 1 before address: 0x76E49587 (0FF156436EB76)
Call (0xFF) detected from: 0x76E49581 to: 0xFFFFFFFF!

Calls: 1 before address: 0x77D84E7D (15E091E377FFD1)
Call (0xFF) detected from: 0x77D84E7B to: 0xFFFFFFFF!

Calls: 1 before address: 0x7717101C (BA10631777FFD2)
Call (0xFF) detected from: 0x7717101A to: 0xFFFFFFFF!

Calls: 1 before address: 0x76E4980A (53FF153039EB76)
Call (0xFF) detected from: 0x76E49804 to: 0xFFFFFFFF!

Calls: 1 before address: 0x76E2DF4D (7510E893B810)
Call (0xE8) detected from: 0x76E2DF48 to: 0x76E497E0!

Calls: 1 before address: 0x1594DFC (C50E8D95088FF)
Call (0xE8) detected from: 0x01594DF7 to: 0x01594C50!

Calls: 1 before address: 0x1594FCE (850E871A487FF)
Call (0xE8) detected from: 0x01594FC9 to: 0x01594DF0!

Calls: 1 before address: 0x12F2381 (EB8E87183B0FF)
Call (0xE8) detected from: 0x012F237C to: 0x013DE1A0!

Calls: 1 before address: 0x1054619 (C48E8635FDEFF)
Call (0xE8) detected from: 0x01054614 to: 0x012F22D0!

Address: 017F22C9
EAX = 00000000 EBX = 0022C000
ECX = 00000000 EDX = 00000000
ESI = 00000000 EDI = 02F37670
ESP = 0019F220 EBP = 0019F4C8
Stack size: 2740
Function calls: 76
Video name: AMD Radeon RX 6500 XT
AMD Radeon RX 6500 XT
AMD Radeon RX 6500 XT

Audio name: 
User info:

Call stack due to calls

016DBE40
016D5203
0195886B
0195886B
0208F69F
0208F639
0195886B
019562EF
019562EF
019562EF
012AF2E1
012AF2E1
016DAA68
016DB505
0208F69F
0208F639
0208F69F
0208F639
0208F639
0208F290
019C49C1
01820FA8
016D5203
017B4513
00EFABF5
017FED66
018D4B2A
017C2BBB
778F23A1
012E1269
017B5191
018C59D3
016D5203
018DBD78
01AD4D1B
01958908
01154FEB
019567B8
00EFD093
0194143B
016D5203
018C2D68
00F1CD5A
011566DA
0115D349
010523BF
77D6BE3A
77D6BE3A
77D6BCC7
77D6BD76
011BC813
012F0B7F
01720225
0140D5AB
013F4D88
0150A4BA
76E4EDE9
0208F830
012684F4
01050EBA
013DE1EF
76E45BB8
76E45FE9
76E459A5
76E459A5
76E4956D
77D829EA
76E49581
77D84E7B
7717101A
76E49804
76E2DF48
01594DF7
01594FC9
012F237C
01054614

[EBP_CALLSTACK]
017F22C9
01820FAE
01154FF0
011566DF
0115D34E
010523C4
012F0B84
0172022A
0140D5B0
013F4D8E
0150A4BF
013DE1F4
012F2381
01054619
0209771E
778EFA29
77D77A7E
77D77A4E
